{"meta": {"format": 3, "version": "7.13.1", "timestamp": "2025-12-31T17:07:18.050261", "branch_coverage": false, "show_contexts": false}, "files": {"src/__init__.py": {"executed_lines": [], "summary": {"covered_lines": 0, "num_statements": 0, "percent_covered": 100.0, "percent_covered_display": "100", "missing_lines": 0, "excluded_lines": 0, "percent_statements_covered": 100.0, "percent_statements_covered_display": "100"}, "missing_lines": [], "excluded_lines": [], "functions": {"": {"executed_lines": [], "summary": {"covered_lines": 0, "num_statements": 0, "percent_covered": 100.0, "percent_covered_display": "100", "missing_lines": 0, "excluded_lines": 0, "percent_statements_covered": 100.0, "percent_statements_covered_display": "100"}, "missing_lines": [], "excluded_lines": [], "start_line": 1}}, "classes": {"": {"executed_lines": [], "summary": {"covered_lines": 0, "num_statements": 0, "percent_covered": 100.0, "percent_covered_display": "100", "missing_lines": 0, "excluded_lines": 0, "percent_statements_covered": 100.0, "percent_statements_covered_display": "100"}, "missing_lines": [], "excluded_lines": [], "start_line": 1}}}, "src/api.py": {"executed_lines": [1, 2, 3, 4, 5, 7, 8, 9, 10, 11, 13, 14, 16, 20, 21, 22, 23, 24, 28, 31, 32, 33, 36, 41, 92, 141, 142, 306, 307, 312, 315, 316, 318, 319, 324, 326, 328, 335, 336], "summary": {"covered_lines": 39, "num_statements": 134, "percent_covered": 29.104477611940297, "percent_covered_display": "29", "missing_lines": 95, "excluded_lines": 0, "percent_statements_covered": 29.104477611940297, "percent_statements_covered_display": "29"}, "missing_lines": [54, 55, 61, 62, 63, 68, 71, 72, 78, 79, 83, 84, 85, 87, 88, 89, 107, 110, 113, 117, 118, 120, 121, 122, 125, 126, 128, 131, 132, 133, 135, 171, 176, 177, 180, 181, 184, 185, 188, 189, 194, 195, 197, 199, 200, 201, 205, 206, 207, 212, 217, 218, 221, 222, 223, 224, 226, 227, 230, 233, 236, 237, 238, 239, 245, 246, 248, 249, 251, 252, 256, 259, 260, 261, 269, 271, 283, 284, 288, 294, 295, 296, 297, 298, 301, 302, 303, 320, 321, 341, 343, 344, 357, 358, 371], "excluded_lines": [], "functions": {"verify_oauth_token": {"executed_lines": [], "summary": {"covered_lines": 0, "num_statements": 16, "percent_covered": 0.0, "percent_covered_display": "0", "missing_lines": 16, "excluded_lines": 0, "percent_statements_covered": 0.0, "percent_statements_covered_display": "0"}, "missing_lines": [54, 55, 61, 62, 63, 68, 71, 72, 78, 79, 83, 84, 85, 87, 88, 89], "excluded_lines": [], "start_line": 41}, "_extract_metadata_from_filename": {"executed_lines": [], "summary": {"covered_lines": 0, "num_statements": 15, "percent_covered": 0.0, "percent_covered_display": "0", "missing_lines": 15, "excluded_lines": 0, "percent_statements_covered": 0.0, "percent_statements_covered_display": "0"}, "missing_lines": [107, 110, 113, 117, 118, 120, 121, 122, 125, 126, 128, 131, 132, 133, 135], "excluded_lines": [], "start_line": 92}, "generate_model_photo": {"executed_lines": [], "summary": {"covered_lines": 0, "num_statements": 56, "percent_covered": 0.0, "percent_covered_display": "0", "missing_lines": 56, "excluded_lines": 0, "percent_statements_covered": 0.0, "percent_statements_covered_display": "0"}, "missing_lines": [171, 176, 177, 180, 181, 184, 185, 188, 189, 194, 195, 197, 199, 200, 201, 205, 206, 207, 212, 217, 218, 221, 222, 223, 224, 226, 227, 230, 233, 236, 237, 238, 239, 245, 246, 248, 249, 251, 252, 256, 259, 260, 261, 269, 271, 283, 284, 288, 294, 295, 296, 297, 298, 301, 302, 303], "excluded_lines": [], "start_line": 142}, "health_check": {"executed_lines": [312, 315, 316, 318, 319, 324, 326, 328], "summary": {"covered_lines": 8, "num_statements": 10, "percent_covered": 80.0, "percent_covered_display": "80", "missing_lines": 2, "excluded_lines": 0, "percent_statements_covered": 80.0, "percent_statements_covered_display": "80"}, "missing_lines": [320, 321], "excluded_lines": [], "start_line": 307}, "oauth_callback": {"executed_lines": [], "summary": {"covered_lines": 0, "num_statements": 6, "percent_covered": 0.0, "percent_covered_display": "0", "missing_lines": 6, "excluded_lines": 0, "percent_statements_covered": 0.0, "percent_statements_covered_display": "0"}, "missing_lines": [341, 343, 344, 357, 358, 371], "excluded_lines": [], "start_line": 336}, "": {"executed_lines": [1, 2, 3, 4, 5, 7, 8, 9, 10, 11, 13, 14, 16, 20, 21, 22, 23, 24, 28, 31, 32, 33, 36, 41, 92, 141, 142, 306, 307, 335, 336], "summary": {"covered_lines": 31, "num_statements": 31, "percent_covered": 100.0, "percent_covered_display": "100", "missing_lines": 0, "excluded_lines": 0, "percent_statements_covered": 100.0, "percent_statements_covered_display": "100"}, "missing_lines": [], "excluded_lines": [], "start_line": 1}}, "classes": {"HealthResponse": {"executed_lines": [], "summary": {"covered_lines": 0, "num_statements": 0, "percent_covered": 100.0, "percent_covered_display": "100", "missing_lines": 0, "excluded_lines": 0, "percent_statements_covered": 100.0, "percent_statements_covered_display": "100"}, "missing_lines": [], "excluded_lines": [], "start_line": 20}, "": {"executed_lines": [1, 2, 3, 4, 5, 7, 8, 9, 10, 11, 13, 14, 16, 20, 21, 22, 23, 24, 28, 31, 32, 33, 36, 41, 92, 141, 142, 306, 307, 312, 315, 316, 318, 319, 324, 326, 328, 335, 336], "summary": {"covered_lines": 39, "num_statements": 134, "percent_covered": 29.104477611940297, "percent_covered_display": "29", "missing_lines": 95, "excluded_lines": 0, "percent_statements_covered": 29.104477611940297, "percent_statements_covered_display": "29"}, "missing_lines": [54, 55, 61, 62, 63, 68, 71, 72, 78, 79, 83, 84, 85, 87, 88, 89, 107, 110, 113, 117, 118, 120, 121, 122, 125, 126, 128, 131, 132, 133, 135, 171, 176, 177, 180, 181, 184, 185, 188, 189, 194, 195, 197, 199, 200, 201, 205, 206, 207, 212, 217, 218, 221, 222, 223, 224, 226, 227, 230, 233, 236, 237, 238, 239, 245, 246, 248, 249, 251, 252, 256, 259, 260, 261, 269, 271, 283, 284, 288, 294, 295, 296, 297, 298, 301, 302, 303, 320, 321, 341, 343, 344, 357, 358, 371], "excluded_lines": [], "start_line": 1}}}, "src/api_client.py": {"executed_lines": [6, 8, 10, 13, 16, 36, 52], "summary": {"covered_lines": 7, "num_statements": 41, "percent_covered": 17.073170731707318, "percent_covered_display": "17", "missing_lines": 34, "excluded_lines": 0, "percent_statements_covered": 17.073170731707318, "percent_statements_covered_display": "17"}, "missing_lines": [26, 27, 28, 29, 32, 33, 34, 46, 49, 50, 87, 88, 91, 96, 99, 100, 101, 102, 103, 104, 105, 106, 107, 108, 109, 110, 111, 112, 114, 121, 124, 126, 127, 130], "excluded_lines": [], "functions": {"CabideAPIClient.__init__": {"executed_lines": [], "summary": {"covered_lines": 0, "num_statements": 7, "percent_covered": 0.0, "percent_covered_display": "0", "missing_lines": 7, "excluded_lines": 0, "percent_statements_covered": 0.0, "percent_statements_covered_display": "0"}, "missing_lines": [26, 27, 28, 29, 32, 33, 34], "excluded_lines": [], "start_line": 16}, "CabideAPIClient.health_check": {"executed_lines": [], "summary": {"covered_lines": 0, "num_statements": 3, "percent_covered": 0.0, "percent_covered_display": "0", "missing_lines": 3, "excluded_lines": 0, "percent_statements_covered": 0.0, "percent_statements_covered_display": "0"}, "missing_lines": [46, 49, 50], "excluded_lines": [], "start_line": 36}, "CabideAPIClient.generate_photo": {"executed_lines": [], "summary": {"covered_lines": 0, "num_statements": 24, "percent_covered": 0.0, "percent_covered_display": "0", "missing_lines": 24, "excluded_lines": 0, "percent_statements_covered": 0.0, "percent_statements_covered_display": "0"}, "missing_lines": [87, 88, 91, 96, 99, 100, 101, 102, 103, 104, 105, 106, 107, 108, 109, 110, 111, 112, 114, 121, 124, 126, 127, 130], "excluded_lines": [], "start_line": 52}, "": {"executed_lines": [6, 8, 10, 13, 16, 36, 52], "summary": {"covered_lines": 7, "num_statements": 7, "percent_covered": 100.0, "percent_covered_display": "100", "missing_lines": 0, "excluded_lines": 0, "percent_statements_covered": 100.0, "percent_statements_covered_display": "100"}, "missing_lines": [], "excluded_lines": [], "start_line": 1}}, "classes": {"CabideAPIClient": {"executed_lines": [], "summary": {"covered_lines": 0, "num_statements": 34, "percent_covered": 0.0, "percent_covered_display": "0", "missing_lines": 34, "excluded_lines": 0, "percent_statements_covered": 0.0, "percent_statements_covered_display": "0"}, "missing_lines": [26, 27, 28, 29, 32, 33, 34, 46, 49, 50, 87, 88, 91, 96, 99, 100, 101, 102, 103, 104, 105, 106, 107, 108, 109, 110, 111, 112, 114, 121, 124, 126, 127, 130], "excluded_lines": [], "start_line": 13}, "": {"executed_lines": [6, 8, 10, 13, 16, 36, 52], "summary": {"covered_lines": 7, "num_statements": 7, "percent_covered": 100.0, "percent_covered_display": "100", "missing_lines": 0, "excluded_lines": 0, "percent_statements_covered": 100.0, "percent_statements_covered_display": "100"}, "missing_lines": [], "excluded_lines": [], "start_line": 1}}}, "src/app.py": {"executed_lines": [], "summary": {"covered_lines": 0, "num_statements": 303, "percent_covered": 0.0, "percent_covered_display": "0", "missing_lines": 303, "excluded_lines": 0, "percent_statements_covered": 0.0, "percent_statements_covered_display": "0"}, "missing_lines": [1, 2, 4, 5, 7, 8, 9, 10, 11, 12, 15, 21, 22, 23, 26, 27, 29, 32, 33, 38, 39, 40, 41, 42, 44, 45, 46, 47, 51, 52, 55, 58, 59, 62, 63, 64, 66, 67, 68, 69, 70, 71, 72, 75, 76, 79, 80, 81, 83, 93, 94, 96, 98, 107, 110, 113, 114, 115, 116, 121, 122, 140, 141, 142, 143, 150, 157, 158, 159, 160, 161, 162, 163, 164, 169, 170, 175, 176, 183, 184, 185, 186, 187, 188, 189, 191, 192, 196, 197, 198, 201, 206, 219, 220, 225, 230, 235, 243, 244, 245, 249, 250, 254, 259, 263, 269, 270, 272, 273, 274, 275, 276, 277, 280, 281, 282, 283, 288, 289, 291, 293, 296, 297, 298, 299, 300, 301, 304, 305, 306, 313, 323, 326, 327, 328, 329, 330, 332, 350, 352, 353, 356, 360, 361, 362, 363, 364, 367, 370, 371, 372, 374, 375, 378, 379, 382, 383, 384, 385, 386, 388, 391, 392, 393, 400, 410, 413, 425, 426, 428, 430, 431, 434, 435, 441, 444, 445, 446, 458, 459, 463, 464, 468, 469, 471, 473, 476, 477, 478, 479, 480, 481, 484, 487, 497, 500, 501, 502, 503, 504, 506, 515, 517, 518, 521, 525, 526, 527, 528, 529, 532, 533, 534, 535, 537, 538, 541, 542, 545, 546, 547, 548, 549, 551, 554, 557, 567, 570, 582, 583, 585, 587, 588, 591, 592, 598, 601, 602, 603, 615, 616, 618, 621, 626, 629, 630, 636, 638, 641, 645, 647, 648, 656, 657, 659, 661, 662, 664, 666, 673, 678, 679, 680, 684, 685, 686, 687, 688, 690, 694, 695, 697, 704, 709, 710, 712, 713, 716, 718, 721, 722, 723, 724, 725, 726, 731, 733, 752, 754, 755, 758, 761, 774, 775, 777, 778, 779, 781, 782, 785, 788, 790, 791], "excluded_lines": [], "functions": {"get_engine": {"executed_lines": [], "summary": {"covered_lines": 0, "num_statements": 1, "percent_covered": 0.0, "percent_covered_display": "0", "missing_lines": 1, "excluded_lines": 0, "percent_statements_covered": 0.0, "percent_statements_covered_display": "0"}, "missing_lines": [23], "excluded_lines": [], "start_line": 22}, "get_oauth_helper": {"executed_lines": [], "summary": {"covered_lines": 0, "num_statements": 1, "percent_covered": 0.0, "percent_covered_display": "0", "missing_lines": 1, "excluded_lines": 0, "percent_statements_covered": 0.0, "percent_statements_covered_display": "0"}, "missing_lines": [29], "excluded_lines": [], "start_line": 27}, "get_drive_manager": {"executed_lines": [], "summary": {"covered_lines": 0, "num_statements": 9, "percent_covered": 0.0, "percent_covered_display": "0", "missing_lines": 9, "excluded_lines": 0, "percent_statements_covered": 0.0, "percent_statements_covered_display": "0"}, "missing_lines": [38, 39, 40, 41, 42, 44, 45, 46, 47], "excluded_lines": [], "start_line": 33}, "": {"executed_lines": [], "summary": {"covered_lines": 0, "num_statements": 292, "percent_covered": 0.0, "percent_covered_display": "0", "missing_lines": 292, "excluded_lines": 0, "percent_statements_covered": 0.0, "percent_statements_covered_display": "0"}, "missing_lines": [1, 2, 4, 5, 7, 8, 9, 10, 11, 12, 15, 21, 22, 26, 27, 32, 33, 51, 52, 55, 58, 59, 62, 63, 64, 66, 67, 68, 69, 70, 71, 72, 75, 76, 79, 80, 81, 83, 93, 94, 96, 98, 107, 110, 113, 114, 115, 116, 121, 122, 140, 141, 142, 143, 150, 157, 158, 159, 160, 161, 162, 163, 164, 169, 170, 175, 176, 183, 184, 185, 186, 187, 188, 189, 191, 192, 196, 197, 198, 201, 206, 219, 220, 225, 230, 235, 243, 244, 245, 249, 250, 254, 259, 263, 269, 270, 272, 273, 274, 275, 276, 277, 280, 281, 282, 283, 288, 289, 291, 293, 296, 297, 298, 299, 300, 301, 304, 305, 306, 313, 323, 326, 327, 328, 329, 330, 332, 350, 352, 353, 356, 360, 361, 362, 363, 364, 367, 370, 371, 372, 374, 375, 378, 379, 382, 383, 384, 385, 386, 388, 391, 392, 393, 400, 410, 413, 425, 426, 428, 430, 431, 434, 435, 441, 444, 445, 446, 458, 459, 463, 464, 468, 469, 471, 473, 476, 477, 478, 479, 480, 481, 484, 487, 497, 500, 501, 502, 503, 504, 506, 515, 517, 518, 521, 525, 526, 527, 528, 529, 532, 533, 534, 535, 537, 538, 541, 542, 545, 546, 547, 548, 549, 551, 554, 557, 567, 570, 582, 583, 585, 587, 588, 591, 592, 598, 601, 602, 603, 615, 616, 618, 621, 626, 629, 630, 636, 638, 641, 645, 647, 648, 656, 657, 659, 661, 662, 664, 666, 673, 678, 679, 680, 684, 685, 686, 687, 688, 690, 694, 695, 697, 704, 709, 710, 712, 713, 716, 718, 721, 722, 723, 724, 725, 726, 731, 733, 752, 754, 755, 758, 761, 774, 775, 777, 778, 779, 781, 782, 785, 788, 790, 791], "excluded_lines": [], "start_line": 1}}, "classes": {"": {"executed_lines": [], "summary": {"covered_lines": 0, "num_statements": 303, "percent_covered": 0.0, "percent_covered_display": "0", "missing_lines": 303, "excluded_lines": 0, "percent_statements_covered": 0.0, "percent_statements_covered_display": "0"}, "missing_lines": [1, 2, 4, 5, 7, 8, 9, 10, 11, 12, 15, 21, 22, 23, 26, 27, 29, 32, 33, 38, 39, 40, 41, 42, 44, 45, 46, 47, 51, 52, 55, 58, 59, 62, 63, 64, 66, 67, 68, 69, 70, 71, 72, 75, 76, 79, 80, 81, 83, 93, 94, 96, 98, 107, 110, 113, 114, 115, 116, 121, 122, 140, 141, 142, 143, 150, 157, 158, 159, 160, 161, 162, 163, 164, 169, 170, 175, 176, 183, 184, 185, 186, 187, 188, 189, 191, 192, 196, 197, 198, 201, 206, 219, 220, 225, 230, 235, 243, 244, 245, 249, 250, 254, 259, 263, 269, 270, 272, 273, 274, 275, 276, 277, 280, 281, 282, 283, 288, 289, 291, 293, 296, 297, 298, 299, 300, 301, 304, 305, 306, 313, 323, 326, 327, 328, 329, 330, 332, 350, 352, 353, 356, 360, 361, 362, 363, 364, 367, 370, 371, 372, 374, 375, 378, 379, 382, 383, 384, 385, 386, 388, 391, 392, 393, 400, 410, 413, 425, 426, 428, 430, 431, 434, 435, 441, 444, 445, 446, 458, 459, 463, 464, 468, 469, 471, 473, 476, 477, 478, 479, 480, 481, 484, 487, 497, 500, 501, 502, 503, 504, 506, 515, 517, 518, 521, 525, 526, 527, 528, 529, 532, 533, 534, 535, 537, 538, 541, 542, 545, 546, 547, 548, 549, 551, 554, 557, 567, 570, 582, 583, 585, 587, 588, 591, 592, 598, 601, 602, 603, 615, 616, 618, 621, 626, 629, 630, 636, 638, 641, 645, 647, 648, 656, 657, 659, 661, 662, 664, 666, 673, 678, 679, 680, 684, 685, 686, 687, 688, 690, 694, 695, 697, 704, 709, 710, 712, 713, 716, 718, 721, 722, 723, 724, 725, 726, 731, 733, 752, 754, 755, 758, 761, 774, 775, 777, 778, 779, 781, 782, 785, 788, 790, 791], "excluded_lines": [], "start_line": 1}}}, "src/auth_ui.py": {"executed_lines": [], "summary": {"covered_lines": 0, "num_statements": 92, "percent_covered": 0.0, "percent_covered_display": "0", "missing_lines": 92, "excluded_lines": 0, "percent_statements_covered": 0.0, "percent_statements_covered_display": "0"}, "missing_lines": [6, 8, 9, 12, 22, 23, 24, 29, 30, 31, 32, 35, 36, 39, 41, 42, 43, 44, 47, 48, 49, 50, 51, 52, 55, 56, 57, 60, 64, 65, 68, 69, 70, 71, 72, 74, 75, 76, 77, 78, 81, 87, 89, 90, 93, 94, 96, 98, 100, 101, 103, 104, 107, 108, 111, 114, 115, 118, 119, 121, 122, 123, 125, 126, 127, 129, 130, 131, 132, 133, 135, 138, 145, 147, 148, 149, 150, 153, 154, 156, 157, 159, 160, 161, 164, 174, 175, 176, 179, 180, 181, 182], "excluded_lines": [], "functions": {"show_login_ui": {"executed_lines": [], "summary": {"covered_lines": 0, "num_statements": 67, "percent_covered": 0.0, "percent_covered_display": "0", "missing_lines": 67, "excluded_lines": 0, "percent_statements_covered": 0.0, "percent_statements_covered_display": "0"}, "missing_lines": [22, 23, 24, 29, 30, 31, 32, 35, 36, 39, 41, 42, 43, 44, 47, 48, 49, 50, 51, 52, 55, 56, 57, 60, 64, 65, 68, 69, 70, 71, 72, 74, 75, 76, 77, 78, 81, 87, 89, 90, 93, 94, 96, 98, 100, 101, 103, 104, 107, 108, 111, 114, 115, 118, 119, 121, 122, 123, 125, 126, 127, 129, 130, 131, 132, 133, 135], "excluded_lines": [], "start_line": 12}, "show_user_info": {"executed_lines": [], "summary": {"covered_lines": 0, "num_statements": 12, "percent_covered": 0.0, "percent_covered_display": "0", "missing_lines": 12, "excluded_lines": 0, "percent_statements_covered": 0.0, "percent_statements_covered_display": "0"}, "missing_lines": [145, 147, 148, 149, 150, 153, 154, 156, 157, 159, 160, 161], "excluded_lines": [], "start_line": 138}, "require_authentication": {"executed_lines": [], "summary": {"covered_lines": 0, "num_statements": 7, "percent_covered": 0.0, "percent_covered_display": "0", "missing_lines": 7, "excluded_lines": 0, "percent_statements_covered": 0.0, "percent_statements_covered_display": "0"}, "missing_lines": [174, 175, 176, 179, 180, 181, 182], "excluded_lines": [], "start_line": 164}, "": {"executed_lines": [], "summary": {"covered_lines": 0, "num_statements": 6, "percent_covered": 0.0, "percent_covered_display": "0", "missing_lines": 6, "excluded_lines": 0, "percent_statements_covered": 0.0, "percent_statements_covered_display": "0"}, "missing_lines": [6, 8, 9, 12, 138, 164], "excluded_lines": [], "start_line": 1}}, "classes": {"": {"executed_lines": [], "summary": {"covered_lines": 0, "num_statements": 92, "percent_covered": 0.0, "percent_covered_display": "0", "missing_lines": 92, "excluded_lines": 0, "percent_statements_covered": 0.0, "percent_statements_covered_display": "0"}, "missing_lines": [6, 8, 9, 12, 22, 23, 24, 29, 30, 31, 32, 35, 36, 39, 41, 42, 43, 44, 47, 48, 49, 50, 51, 52, 55, 56, 57, 60, 64, 65, 68, 69, 70, 71, 72, 74, 75, 76, 77, 78, 81, 87, 89, 90, 93, 94, 96, 98, 100, 101, 103, 104, 107, 108, 111, 114, 115, 118, 119, 121, 122, 123, 125, 126, 127, 129, 130, 131, 132, 133, 135, 138, 145, 147, 148, 149, 150, 153, 154, 156, 157, 159, 160, 161, 164, 174, 175, 176, 179, 180, 181, 182], "excluded_lines": [], "start_line": 1}}}, "src/config.py": {"executed_lines": [6, 7, 8, 10, 11, 14, 21, 24, 27, 28, 31, 36, 37, 38, 43, 46, 58, 70, 73, 75, 79, 80, 81, 83, 85, 86, 87, 90, 91, 94, 95, 96, 97, 100, 130, 133, 136, 137, 138], "summary": {"covered_lines": 39, "num_statements": 53, "percent_covered": 73.58490566037736, "percent_covered_display": "74", "missing_lines": 14, "excluded_lines": 0, "percent_statements_covered": 73.58490566037736, "percent_statements_covered_display": "74"}, "missing_lines": [98, 110, 111, 112, 113, 114, 117, 118, 119, 120, 121, 122, 123, 126], "excluded_lines": [], "functions": {"Settings.validate_storage_mode": {"executed_lines": [83], "summary": {"covered_lines": 1, "num_statements": 1, "percent_covered": 100.0, "percent_covered_display": "100", "missing_lines": 0, "excluded_lines": 0, "percent_statements_covered": 100.0, "percent_statements_covered_display": "100"}, "missing_lines": [], "excluded_lines": [], "start_line": 81}, "Settings.validate_json": {"executed_lines": [90, 91, 94, 95, 96, 97], "summary": {"covered_lines": 6, "num_statements": 7, "percent_covered": 85.71428571428571, "percent_covered_display": "86", "missing_lines": 1, "excluded_lines": 0, "percent_statements_covered": 85.71428571428571, "percent_statements_covered_display": "86"}, "missing_lines": [98], "excluded_lines": [], "start_line": 87}, "Settings.get_service_account_info": {"executed_lines": [], "summary": {"covered_lines": 0, "num_statements": 13, "percent_covered": 0.0, "percent_covered_display": "0", "missing_lines": 13, "excluded_lines": 0, "percent_statements_covered": 0.0, "percent_statements_covered_display": "0"}, "missing_lines": [110, 111, 112, 113, 114, 117, 118, 119, 120, 121, 122, 123, 126], "excluded_lines": [], "start_line": 100}, "get_settings": {"executed_lines": [136, 137, 138], "summary": {"covered_lines": 3, "num_statements": 3, "percent_covered": 100.0, "percent_covered_display": "100", "missing_lines": 0, "excluded_lines": 0, "percent_statements_covered": 100.0, "percent_statements_covered_display": "100"}, "missing_lines": [], "excluded_lines": [], "start_line": 133}, "": {"executed_lines": [6, 7, 8, 10, 11, 14, 21, 24, 27, 28, 31, 36, 37, 38, 43, 46, 58, 70, 73, 75, 79, 80, 81, 85, 86, 87, 100, 130, 133], "summary": {"covered_lines": 29, "num_statements": 29, "percent_covered": 100.0, "percent_covered_display": "100", "missing_lines": 0, "excluded_lines": 0, "percent_statements_covered": 100.0, "percent_statements_covered_display": "100"}, "missing_lines": [], "excluded_lines": [], "start_line": 1}}, "classes": {"Settings": {"executed_lines": [83, 90, 91, 94, 95, 96, 97], "summary": {"covered_lines": 7, "num_statements": 21, "percent_covered": 33.333333333333336, "percent_covered_display": "33", "missing_lines": 14, "excluded_lines": 0, "percent_statements_covered": 33.333333333333336, "percent_statements_covered_display": "33"}, "missing_lines": [98, 110, 111, 112, 113, 114, 117, 118, 119, 120, 121, 122, 123, 126], "excluded_lines": [], "start_line": 14}, "": {"executed_lines": [6, 7, 8, 10, 11, 14, 21, 24, 27, 28, 31, 36, 37, 38, 43, 46, 58, 70, 73, 75, 79, 80, 81, 85, 86, 87, 100, 130, 133, 136, 137, 138], "summary": {"covered_lines": 32, "num_statements": 32, "percent_covered": 100.0, "percent_covered_display": "100", "missing_lines": 0, "excluded_lines": 0, "percent_statements_covered": 100.0, "percent_statements_covered_display": "100"}, "missing_lines": [], "excluded_lines": [], "start_line": 1}}}, "src/driver_service.py": {"executed_lines": [], "summary": {"covered_lines": 0, "num_statements": 73, "percent_covered": 0.0, "percent_covered_display": "0", "missing_lines": 73, "excluded_lines": 0, "percent_statements_covered": 0.0, "percent_statements_covered_display": "0"}, "missing_lines": [1, 2, 3, 4, 6, 7, 9, 12, 13, 21, 22, 23, 24, 25, 27, 33, 34, 40, 42, 44, 45, 46, 49, 54, 57, 58, 59, 61, 66, 69, 70, 71, 74, 77, 80, 81, 83, 93, 94, 95, 97, 98, 102, 103, 109, 110, 113, 114, 116, 119, 120, 121, 122, 123, 124, 127, 128, 130, 133, 138, 139, 141, 153, 155, 158, 161, 162, 166, 172, 175, 176, 177, 178], "excluded_lines": [], "functions": {"DriveService.__init__": {"executed_lines": [], "summary": {"covered_lines": 0, "num_statements": 5, "percent_covered": 0.0, "percent_covered_display": "0", "missing_lines": 5, "excluded_lines": 0, "percent_statements_covered": 0.0, "percent_statements_covered_display": "0"}, "missing_lines": [21, 22, 23, 24, 25], "excluded_lines": [], "start_line": 13}, "DriveService._get_or_create_folder": {"executed_lines": [], "summary": {"covered_lines": 0, "num_statements": 12, "percent_covered": 0.0, "percent_covered_display": "0", "missing_lines": 12, "excluded_lines": 0, "percent_statements_covered": 0.0, "percent_statements_covered_display": "0"}, "missing_lines": [33, 34, 40, 42, 44, 45, 46, 49, 54, 57, 58, 59], "excluded_lines": [], "start_line": 27}, "DriveService._get_or_create_date_folder": {"executed_lines": [], "summary": {"covered_lines": 0, "num_statements": 8, "percent_covered": 0.0, "percent_covered_display": "0", "missing_lines": 8, "excluded_lines": 0, "percent_statements_covered": 0.0, "percent_statements_covered_display": "0"}, "missing_lines": [66, 69, 70, 71, 74, 77, 80, 81], "excluded_lines": [], "start_line": 61}, "DriveService._get_versioned_filename": {"executed_lines": [], "summary": {"covered_lines": 0, "num_statements": 24, "percent_covered": 0.0, "percent_covered_display": "0", "missing_lines": 24, "excluded_lines": 0, "percent_statements_covered": 0.0, "percent_statements_covered_display": "0"}, "missing_lines": [93, 94, 95, 97, 98, 102, 103, 109, 110, 113, 114, 116, 119, 120, 121, 122, 123, 124, 127, 128, 130, 133, 138, 139], "excluded_lines": [], "start_line": 83}, "DriveService.upload_file": {"executed_lines": [], "summary": {"covered_lines": 0, "num_statements": 11, "percent_covered": 0.0, "percent_covered_display": "0", "missing_lines": 11, "excluded_lines": 0, "percent_statements_covered": 0.0, "percent_statements_covered_display": "0"}, "missing_lines": [153, 155, 158, 161, 162, 166, 172, 175, 176, 177, 178], "excluded_lines": [], "start_line": 141}, "": {"executed_lines": [], "summary": {"covered_lines": 0, "num_statements": 13, "percent_covered": 0.0, "percent_covered_display": "0", "missing_lines": 13, "excluded_lines": 0, "percent_statements_covered": 0.0, "percent_statements_covered_display": "0"}, "missing_lines": [1, 2, 3, 4, 6, 7, 9, 12, 13, 27, 61, 83, 141], "excluded_lines": [], "start_line": 1}}, "classes": {"DriveService": {"executed_lines": [], "summary": {"covered_lines": 0, "num_statements": 60, "percent_covered": 0.0, "percent_covered_display": "0", "missing_lines": 60, "excluded_lines": 0, "percent_statements_covered": 0.0, "percent_statements_covered_display": "0"}, "missing_lines": [21, 22, 23, 24, 25, 33, 34, 40, 42, 44, 45, 46, 49, 54, 57, 58, 59, 66, 69, 70, 71, 74, 77, 80, 81, 93, 94, 95, 97, 98, 102, 103, 109, 110, 113, 114, 116, 119, 120, 121, 122, 123, 124, 127, 128, 130, 133, 138, 139, 153, 155, 158, 161, 162, 166, 172, 175, 176, 177, 178], "excluded_lines": [], "start_line": 12}, "": {"executed_lines": [], "summary": {"covered_lines": 0, "num_statements": 13, "percent_covered": 0.0, "percent_covered_display": "0", "missing_lines": 13, "excluded_lines": 0, "percent_statements_covered": 0.0, "percent_statements_covered_display": "0"}, "missing_lines": [1, 2, 3, 4, 6, 7, 9, 12, 13, 27, 61, 83, 141], "excluded_lines": [], "start_line": 1}}}, "src/engine.py": {"executed_lines": [1, 2, 3, 4, 5, 6, 8, 9, 12, 13, 15, 19, 21, 24, 46, 47, 48, 49, 50, 53, 54, 58, 66, 81, 87], "summary": {"covered_lines": 25, "num_statements": 159, "percent_covered": 15.723270440251572, "percent_covered_display": "16", "missing_lines": 134, "excluded_lines": 0, "percent_statements_covered": 15.723270440251572, "percent_statements_covered_display": "16"}, "missing_lines": [16, 17, 60, 61, 62, 63, 64, 68, 69, 70, 71, 72, 73, 74, 76, 77, 78, 79, 83, 84, 85, 100, 103, 104, 105, 106, 109, 110, 114, 115, 117, 120, 121, 124, 129, 130, 131, 134, 135, 136, 137, 139, 141, 148, 149, 150, 151, 152, 154, 157, 158, 159, 162, 163, 164, 165, 166, 167, 168, 169, 170, 171, 176, 177, 178, 181, 210, 211, 212, 213, 215, 216, 218, 221, 222, 224, 226, 227, 230, 232, 233, 243, 246, 247, 250, 254, 255, 258, 259, 260, 262, 264, 266, 267, 268, 269, 272, 273, 274, 275, 276, 279, 282, 284, 287, 288, 289, 290, 293, 295, 296, 302, 303, 308, 309, 317, 320, 321, 327, 328, 331, 334, 337, 340, 342, 343, 344, 346, 348, 349, 351, 353, 354, 355], "excluded_lines": [], "functions": {"FashionEngine.__init__": {"executed_lines": [48, 49, 50, 53, 54], "summary": {"covered_lines": 5, "num_statements": 5, "percent_covered": 100.0, "percent_covered_display": "100", "missing_lines": 0, "excluded_lines": 0, "percent_statements_covered": 100.0, "percent_statements_covered_display": "100"}, "missing_lines": [], "excluded_lines": [], "start_line": 47}, "FashionEngine._normalize_garment_type": {"executed_lines": [], "summary": {"covered_lines": 0, "num_statements": 5, "percent_covered": 0.0, "percent_covered_display": "0", "missing_lines": 5, "excluded_lines": 0, "percent_statements_covered": 0.0, "percent_statements_covered_display": "0"}, "missing_lines": [60, 61, 62, 63, 64], "excluded_lines": [], "start_line": 58}, "FashionEngine._load_template": {"executed_lines": [], "summary": {"covered_lines": 0, "num_statements": 11, "percent_covered": 0.0, "percent_covered_display": "0", "missing_lines": 11, "excluded_lines": 0, "percent_statements_covered": 0.0, "percent_statements_covered_display": "0"}, "missing_lines": [68, 69, 70, 71, 72, 73, 74, 76, 77, 78, 79], "excluded_lines": [], "start_line": 66}, "FashionEngine._save_image": {"executed_lines": [], "summary": {"covered_lines": 0, "num_statements": 3, "percent_covered": 0.0, "percent_covered_display": "0", "missing_lines": 3, "excluded_lines": 0, "percent_statements_covered": 0.0, "percent_statements_covered_display": "0"}, "missing_lines": [83, 84, 85], "excluded_lines": [], "start_line": 81}, "FashionEngine.generate_lifestyle_photo": {"executed_lines": [], "summary": {"covered_lines": 0, "num_statements": 113, "percent_covered": 0.0, "percent_covered_display": "0", "missing_lines": 113, "excluded_lines": 0, "percent_statements_covered": 0.0, "percent_statements_covered_display": "0"}, "missing_lines": [100, 103, 104, 105, 106, 109, 110, 114, 115, 117, 120, 121, 124, 129, 130, 131, 134, 135, 136, 137, 139, 141, 148, 149, 150, 151, 152, 154, 157, 158, 159, 162, 163, 164, 165, 166, 167, 168, 169, 170, 171, 176, 177, 178, 181, 210, 211, 212, 213, 215, 216, 218, 221, 222, 224, 226, 227, 230, 232, 233, 243, 246, 247, 250, 254, 255, 258, 259, 260, 262, 264, 266, 267, 268, 269, 272, 273, 274, 275, 276, 279, 282, 284, 287, 288, 289, 290, 293, 295, 296, 302, 303, 308, 309, 317, 320, 321, 327, 328, 331, 334, 337, 340, 342, 343, 344, 346, 348, 349, 351, 353, 354, 355], "excluded_lines": [], "start_line": 87}, "": {"executed_lines": [1, 2, 3, 4, 5, 6, 8, 9, 12, 13, 15, 19, 21, 24, 46, 47, 58, 66, 81, 87], "summary": {"covered_lines": 20, "num_statements": 22, "percent_covered": 90.9090909090909, "percent_covered_display": "91", "missing_lines": 2, "excluded_lines": 0, "percent_statements_covered": 90.9090909090909, "percent_statements_covered_display": "91"}, "missing_lines": [16, 17], "excluded_lines": [], "start_line": 1}}, "classes": {"FashionEngine": {"executed_lines": [48, 49, 50, 53, 54], "summary": {"covered_lines": 5, "num_statements": 137, "percent_covered": 3.6496350364963503, "percent_covered_display": "4", "missing_lines": 132, "excluded_lines": 0, "percent_statements_covered": 3.6496350364963503, "percent_statements_covered_display": "4"}, "missing_lines": [60, 61, 62, 63, 64, 68, 69, 70, 71, 72, 73, 74, 76, 77, 78, 79, 83, 84, 85, 100, 103, 104, 105, 106, 109, 110, 114, 115, 117, 120, 121, 124, 129, 130, 131, 134, 135, 136, 137, 139, 141, 148, 149, 150, 151, 152, 154, 157, 158, 159, 162, 163, 164, 165, 166, 167, 168, 169, 170, 171, 176, 177, 178, 181, 210, 211, 212, 213, 215, 216, 218, 221, 222, 224, 226, 227, 230, 232, 233, 243, 246, 247, 250, 254, 255, 258, 259, 260, 262, 264, 266, 267, 268, 269, 272, 273, 274, 275, 276, 279, 282, 284, 287, 288, 289, 290, 293, 295, 296, 302, 303, 308, 309, 317, 320, 321, 327, 328, 331, 334, 337, 340, 342, 343, 344, 346, 348, 349, 351, 353, 354, 355], "excluded_lines": [], "start_line": 46}, "": {"executed_lines": [1, 2, 3, 4, 5, 6, 8, 9, 12, 13, 15, 19, 21, 24, 46, 47, 58, 66, 81, 87], "summary": {"covered_lines": 20, "num_statements": 22, "percent_covered": 90.9090909090909, "percent_covered_display": "91", "missing_lines": 2, "excluded_lines": 0, "percent_statements_covered": 90.9090909090909, "percent_statements_covered_display": "91"}, "missing_lines": [16, 17], "excluded_lines": [], "start_line": 1}}}, "src/main.py": {"executed_lines": [], "summary": {"covered_lines": 0, "num_statements": 98, "percent_covered": 0.0, "percent_covered_display": "0", "missing_lines": 98, "excluded_lines": 0, "percent_statements_covered": 0.0, "percent_statements_covered_display": "0"}, "missing_lines": [1, 2, 3, 4, 5, 7, 8, 11, 14, 17, 32, 36, 37, 38, 40, 44, 45, 47, 49, 52, 53, 54, 55, 56, 57, 59, 60, 61, 67, 68, 69, 71, 75, 76, 78, 81, 86, 87, 90, 93, 100, 101, 102, 105, 106, 107, 108, 111, 116, 119, 122, 125, 127, 129, 130, 131, 132, 135, 136, 137, 141, 144, 148, 151, 152, 155, 158, 160, 161, 162, 169, 170, 171, 172, 174, 175, 177, 178, 179, 181, 184, 185, 186, 190, 193, 197, 200, 201, 204, 207, 209, 210, 211, 218, 219, 220, 223, 224], "excluded_lines": [], "functions": {"extract_metadata_from_filename": {"executed_lines": [], "summary": {"covered_lines": 0, "num_statements": 9, "percent_covered": 0.0, "percent_covered_display": "0", "missing_lines": 9, "excluded_lines": 0, "percent_statements_covered": 0.0, "percent_statements_covered_display": "0"}, "missing_lines": [32, 36, 37, 38, 40, 44, 45, 47, 49], "excluded_lines": [], "start_line": 17}, "BatchProcessor.__init__": {"executed_lines": [], "summary": {"covered_lines": 0, "num_statements": 4, "percent_covered": 0.0, "percent_covered_display": "0", "missing_lines": 4, "excluded_lines": 0, "percent_statements_covered": 0.0, "percent_statements_covered_display": "0"}, "missing_lines": [54, 55, 56, 57], "excluded_lines": [], "start_line": 53}, "BatchProcessor.process_all": {"executed_lines": [], "summary": {"covered_lines": 0, "num_statements": 17, "percent_covered": 0.0, "percent_covered_display": "0", "missing_lines": 17, "excluded_lines": 0, "percent_statements_covered": 0.0, "percent_statements_covered_display": "0"}, "missing_lines": [60, 61, 67, 68, 69, 71, 75, 76, 78, 81, 86, 87, 90, 93, 100, 101, 102], "excluded_lines": [], "start_line": 59}, "": {"executed_lines": [], "summary": {"covered_lines": 0, "num_statements": 68, "percent_covered": 0.0, "percent_covered_display": "0", "missing_lines": 68, "excluded_lines": 0, "percent_statements_covered": 0.0, "percent_statements_covered_display": "0"}, "missing_lines": [1, 2, 3, 4, 5, 7, 8, 11, 14, 17, 52, 53, 59, 105, 106, 107, 108, 111, 116, 119, 122, 125, 127, 129, 130, 131, 132, 135, 136, 137, 141, 144, 148, 151, 152, 155, 158, 160, 161, 162, 169, 170, 171, 172, 174, 175, 177, 178, 179, 181, 184, 185, 186, 190, 193, 197, 200, 201, 204, 207, 209, 210, 211, 218, 219, 220, 223, 224], "excluded_lines": [], "start_line": 1}}, "classes": {"BatchProcessor": {"executed_lines": [], "summary": {"covered_lines": 0, "num_statements": 21, "percent_covered": 0.0, "percent_covered_display": "0", "missing_lines": 21, "excluded_lines": 0, "percent_statements_covered": 0.0, "percent_statements_covered_display": "0"}, "missing_lines": [54, 55, 56, 57, 60, 61, 67, 68, 69, 71, 75, 76, 78, 81, 86, 87, 90, 93, 100, 101, 102], "excluded_lines": [], "start_line": 52}, "": {"executed_lines": [], "summary": {"covered_lines": 0, "num_statements": 77, "percent_covered": 0.0, "percent_covered_display": "0", "missing_lines": 77, "excluded_lines": 0, "percent_statements_covered": 0.0, "percent_statements_covered_display": "0"}, "missing_lines": [1, 2, 3, 4, 5, 7, 8, 11, 14, 17, 32, 36, 37, 38, 40, 44, 45, 47, 49, 52, 53, 59, 105, 106, 107, 108, 111, 116, 119, 122, 125, 127, 129, 130, 131, 132, 135, 136, 137, 141, 144, 148, 151, 152, 155, 158, 160, 161, 162, 169, 170, 171, 172, 174, 175, 177, 178, 179, 181, 184, 185, 186, 190, 193, 197, 200, 201, 204, 207, 209, 210, 211, 218, 219, 220, 223, 224], "excluded_lines": [], "start_line": 1}}}, "src/oauth_helper.py": {"executed_lines": [6, 7, 8, 9, 10, 11, 13, 14, 15, 16, 17, 19, 20, 21, 26, 30, 36, 37, 39, 47, 48, 49, 50, 60, 62, 64, 66, 67, 69, 96, 108, 133, 158, 181, 212, 222, 227, 232, 234], "summary": {"covered_lines": 39, "num_statements": 99, "percent_covered": 39.39393939393939, "percent_covered_display": "39", "missing_lines": 60, "excluded_lines": 0, "percent_statements_covered": 39.39393939393939, "percent_statements_covered_display": "39"}, "missing_lines": [22, 23, 52, 55, 56, 57, 58, 59, 76, 79, 80, 81, 84, 85, 86, 88, 89, 90, 92, 94, 103, 104, 105, 106, 118, 120, 121, 124, 125, 128, 129, 131, 143, 144, 146, 150, 156, 169, 170, 173, 174, 177, 179, 192, 194, 199, 204, 205, 208, 210, 219, 220, 224, 225, 229, 230, 235, 236, 237, 238], "excluded_lines": [], "functions": {"UnifiedOAuthHelper.__init__": {"executed_lines": [47, 48, 49, 50, 60, 62, 64, 66, 67], "summary": {"covered_lines": 9, "num_statements": 15, "percent_covered": 60.0, "percent_covered_display": "60", "missing_lines": 6, "excluded_lines": 0, "percent_statements_covered": 60.0, "percent_statements_covered_display": "60"}, "missing_lines": [52, 55, 56, 57, 58, 59], "excluded_lines": [], "start_line": 39}, "UnifiedOAuthHelper.get_credentials": {"executed_lines": [], "summary": {"covered_lines": 0, "num_statements": 12, "percent_covered": 0.0, "percent_covered_display": "0", "missing_lines": 12, "excluded_lines": 0, "percent_statements_covered": 0.0, "percent_statements_covered_display": "0"}, "missing_lines": [76, 79, 80, 81, 84, 85, 86, 88, 89, 90, 92, 94], "excluded_lines": [], "start_line": 69}, "UnifiedOAuthHelper.get_user_info": {"executed_lines": [], "summary": {"covered_lines": 0, "num_statements": 4, "percent_covered": 0.0, "percent_covered_display": "0", "missing_lines": 4, "excluded_lines": 0, "percent_statements_covered": 0.0, "percent_statements_covered_display": "0"}, "missing_lines": [103, 104, 105, 106], "excluded_lines": [], "start_line": 96}, "UnifiedOAuthHelper.fetch_and_save_user_info": {"executed_lines": [], "summary": {"covered_lines": 0, "num_statements": 8, "percent_covered": 0.0, "percent_covered_display": "0", "missing_lines": 8, "excluded_lines": 0, "percent_statements_covered": 0.0, "percent_statements_covered_display": "0"}, "missing_lines": [118, 120, 121, 124, 125, 128, 129, 131], "excluded_lines": [], "start_line": 108}, "UnifiedOAuthHelper.get_auth_url": {"executed_lines": [], "summary": {"covered_lines": 0, "num_statements": 5, "percent_covered": 0.0, "percent_covered_display": "0", "missing_lines": 5, "excluded_lines": 0, "percent_statements_covered": 0.0, "percent_statements_covered_display": "0"}, "missing_lines": [143, 144, 146, 150, 156], "excluded_lines": [], "start_line": 133}, "UnifiedOAuthHelper.save_credentials_from_code": {"executed_lines": [], "summary": {"covered_lines": 0, "num_statements": 6, "percent_covered": 0.0, "percent_covered_display": "0", "missing_lines": 6, "excluded_lines": 0, "percent_statements_covered": 0.0, "percent_statements_covered_display": "0"}, "missing_lines": [169, 170, 173, 174, 177, 179], "excluded_lines": [], "start_line": 158}, "UnifiedOAuthHelper.run_local_server_flow": {"executed_lines": [], "summary": {"covered_lines": 0, "num_statements": 7, "percent_covered": 0.0, "percent_covered_display": "0", "missing_lines": 7, "excluded_lines": 0, "percent_statements_covered": 0.0, "percent_statements_covered_display": "0"}, "missing_lines": [192, 194, 199, 204, 205, 208, 210], "excluded_lines": [], "start_line": 181}, "UnifiedOAuthHelper.get_access_token": {"executed_lines": [], "summary": {"covered_lines": 0, "num_statements": 2, "percent_covered": 0.0, "percent_covered_display": "0", "missing_lines": 2, "excluded_lines": 0, "percent_statements_covered": 0.0, "percent_statements_covered_display": "0"}, "missing_lines": [219, 220], "excluded_lines": [], "start_line": 212}, "UnifiedOAuthHelper.is_authenticated": {"executed_lines": [], "summary": {"covered_lines": 0, "num_statements": 2, "percent_covered": 0.0, "percent_covered_display": "0", "missing_lines": 2, "excluded_lines": 0, "percent_statements_covered": 0.0, "percent_statements_covered_display": "0"}, "missing_lines": [224, 225], "excluded_lines": [], "start_line": 222}, "UnifiedOAuthHelper.revoke_authentication": {"executed_lines": [], "summary": {"covered_lines": 0, "num_statements": 2, "percent_covered": 0.0, "percent_covered_display": "0", "missing_lines": 2, "excluded_lines": 0, "percent_statements_covered": 0.0, "percent_statements_covered_display": "0"}, "missing_lines": [229, 230], "excluded_lines": [], "start_line": 227}, "UnifiedOAuthHelper.__del__": {"executed_lines": [234], "summary": {"covered_lines": 1, "num_statements": 5, "percent_covered": 20.0, "percent_covered_display": "20", "missing_lines": 4, "excluded_lines": 0, "percent_statements_covered": 20.0, "percent_statements_covered_display": "20"}, "missing_lines": [235, 236, 237, 238], "excluded_lines": [], "start_line": 232}, "": {"executed_lines": [6, 7, 8, 9, 10, 11, 13, 14, 15, 16, 17, 19, 20, 21, 26, 30, 36, 37, 39, 69, 96, 108, 133, 158, 181, 212, 222, 227, 232], "summary": {"covered_lines": 29, "num_statements": 31, "percent_covered": 93.54838709677419, "percent_covered_display": "94", "missing_lines": 2, "excluded_lines": 0, "percent_statements_covered": 93.54838709677419, "percent_statements_covered_display": "94"}, "missing_lines": [22, 23], "excluded_lines": [], "start_line": 1}}, "classes": {"UnifiedOAuthHelper": {"executed_lines": [47, 48, 49, 50, 60, 62, 64, 66, 67, 234], "summary": {"covered_lines": 10, "num_statements": 68, "percent_covered": 14.705882352941176, "percent_covered_display": "15", "missing_lines": 58, "excluded_lines": 0, "percent_statements_covered": 14.705882352941176, "percent_statements_covered_display": "15"}, "missing_lines": [52, 55, 56, 57, 58, 59, 76, 79, 80, 81, 84, 85, 86, 88, 89, 90, 92, 94, 103, 104, 105, 106, 118, 120, 121, 124, 125, 128, 129, 131, 143, 144, 146, 150, 156, 169, 170, 173, 174, 177, 179, 192, 194, 199, 204, 205, 208, 210, 219, 220, 224, 225, 229, 230, 235, 236, 237, 238], "excluded_lines": [], "start_line": 26}, "": {"executed_lines": [6, 7, 8, 9, 10, 11, 13, 14, 15, 16, 17, 19, 20, 21, 26, 30, 36, 37, 39, 69, 96, 108, 133, 158, 181, 212, 222, 227, 232], "summary": {"covered_lines": 29, "num_statements": 31, "percent_covered": 93.54838709677419, "percent_covered_display": "94", "missing_lines": 2, "excluded_lines": 0, "percent_statements_covered": 93.54838709677419, "percent_statements_covered_display": "94"}, "missing_lines": [22, 23], "excluded_lines": [], "start_line": 1}}}, "src/rename-photo.py": {"executed_lines": [], "summary": {"covered_lines": 0, "num_statements": 36, "percent_covered": 0.0, "percent_covered_display": "0", "missing_lines": 36, "excluded_lines": 0, "percent_statements_covered": 0.0, "percent_statements_covered_display": "0"}, "missing_lines": [1, 2, 3, 5, 6, 7, 10, 13, 15, 16, 17, 18, 19, 20, 22, 23, 24, 25, 26, 29, 31, 32, 33, 35, 37, 39, 40, 42, 46, 47, 50, 51, 54, 56, 57, 59], "excluded_lines": [], "functions": {"extract_caption": {"executed_lines": [], "summary": {"covered_lines": 0, "num_statements": 11, "percent_covered": 0.0, "percent_covered_display": "0", "missing_lines": 11, "excluded_lines": 0, "percent_statements_covered": 0.0, "percent_statements_covered_display": "0"}, "missing_lines": [15, 16, 17, 18, 19, 20, 22, 23, 24, 25, 26], "excluded_lines": [], "start_line": 13}, "process_images": {"executed_lines": [], "summary": {"covered_lines": 0, "num_statements": 12, "percent_covered": 0.0, "percent_covered_display": "0", "missing_lines": 12, "excluded_lines": 0, "percent_statements_covered": 0.0, "percent_statements_covered_display": "0"}, "missing_lines": [31, 32, 33, 35, 37, 39, 40, 42, 46, 47, 50, 51], "excluded_lines": [], "start_line": 29}, "": {"executed_lines": [], "summary": {"covered_lines": 0, "num_statements": 13, "percent_covered": 0.0, "percent_covered_display": "0", "missing_lines": 13, "excluded_lines": 0, "percent_statements_covered": 0.0, "percent_statements_covered_display": "0"}, "missing_lines": [1, 2, 3, 5, 6, 7, 10, 13, 29, 54, 56, 57, 59], "excluded_lines": [], "start_line": 1}}, "classes": {"": {"executed_lines": [], "summary": {"covered_lines": 0, "num_statements": 36, "percent_covered": 0.0, "percent_covered_display": "0", "missing_lines": 36, "excluded_lines": 0, "percent_statements_covered": 0.0, "percent_statements_covered_display": "0"}, "missing_lines": [1, 2, 3, 5, 6, 7, 10, 13, 15, 16, 17, 18, 19, 20, 22, 23, 24, 25, 26, 29, 31, 32, 33, 35, 37, 39, 40, 42, 46, 47, 50, 51, 54, 56, 57, 59], "excluded_lines": [], "start_line": 1}}}}, "totals": {"covered_lines": 149, "num_statements": 1088, "percent_covered": 13.694852941176471, "percent_covered_display": "14", "missing_lines": 939, "excluded_lines": 0, "percent_statements_covered": 13.694852941176471, "percent_statements_covered_display": "14"}}